Apr 30, 2014 2:33:50 PM org.neo4j.server.logging.Logger log
WARNING: You are using an unsupported Java runtime. Please use Oracle(R) Java(TM) Runtime Environment 7.
Apr 30, 2014 2:33:51 PM org.neo4j.server.logging.Logger log
INFO: Setting startup timeout to: 120000ms based on -1
Apr 30, 2014 2:33:56 PM org.neo4j.server.logging.Logger log
INFO: Successfully started database
Apr 30, 2014 2:33:57 PM org.neo4j.server.logging.Logger log
INFO: Starting HTTP on port :7474 with 60 threads available
Apr 30, 2014 2:33:57 PM org.neo4j.server.logging.Logger log
INFO: Enabling HTTPS on port :7473
Apr 30, 2014 2:33:57 PM org.neo4j.server.logging.Logger log
INFO: No SSL certificate found, generating a self-signed certificate..
Apr 30, 2014 2:33:57 PM org.neo4j.server.logging.Logger log
INFO: Mounted discovery module at [/]
Apr 30, 2014 2:33:57 PM org.neo4j.server.logging.Logger log
INFO: Mounted REST API at [/db/data/]
Apr 30, 2014 2:33:57 PM org.neo4j.server.logging.Logger log
INFO: Mounted management API at [/db/manage/]
Apr 30, 2014 2:33:57 PM org.neo4j.server.logging.Logger log
INFO: Mounted webadmin at [/webadmin]
Apr 30, 2014 2:33:57 PM org.neo4j.server.logging.Logger log
INFO: Mounted Neo4j Browser at [/browser]
Apr 30, 2014 2:33:57 PM org.neo4j.server.logging.Logger log
INFO: Mounting static content at [/webadmin] from [webadmin-html]
Apr 30, 2014 2:33:57 PM org.neo4j.server.logging.Logger log
INFO: Mounting static content at [/browser] from [browser]
Apr 30, 2014 2:33:58 PM com.sun.jersey.server.impl.application.WebApplicationImpl _initiate
INFO: Initiating Jersey application, version 'Jersey: 1.9 09/02/2011 11:17 AM'
Apr 30, 2014 2:33:58 PM com.sun.jersey.server.impl.application.WebApplicationImpl _initiate
INFO: Initiating Jersey application, version 'Jersey: 1.9 09/02/2011 11:17 AM'
Apr 30, 2014 2:33:59 PM com.sun.jersey.server.impl.application.WebApplicationImpl _initiate
INFO: Initiating Jersey application, version 'Jersey: 1.9 09/02/2011 11:17 AM'
Apr 30, 2014 2:33:59 PM org.neo4j.server.logging.Logger log
INFO: Remote interface ready and available at [http://localhost:7474/]
Apr 30, 2014 2:56:58 PM org.neo4j.server.logging.Logger log
INFO: Available console sessions: SHELL: class org.neo4j.server.webadmin.console.ShellSessionCreator
CYPHER: class org.neo4j.server.webadmin.console.CypherSessionCreator

Apr 30, 2014 8:02:09 PM org.neo4j.server.logging.Logger log
WARNING: You are using an unsupported Java runtime. Please use Oracle(R) Java(TM) Runtime Environment 7.
Apr 30, 2014 8:02:09 PM org.neo4j.server.logging.Logger log
INFO: Setting startup timeout to: 120000ms based on -1
Apr 30, 2014 8:02:11 PM org.neo4j.server.logging.Logger log
INFO: Successfully started database
Apr 30, 2014 8:02:12 PM org.neo4j.server.logging.Logger log
INFO: Starting HTTP on port :7474 with 60 threads available
Apr 30, 2014 8:02:12 PM org.neo4j.server.logging.Logger log
INFO: Enabling HTTPS on port :7473
Apr 30, 2014 8:02:12 PM org.neo4j.server.logging.Logger log
INFO: Mounted discovery module at [/]
Apr 30, 2014 8:02:12 PM org.neo4j.server.logging.Logger log
INFO: Mounted REST API at [/db/data/]
Apr 30, 2014 8:02:12 PM org.neo4j.server.logging.Logger log
INFO: Mounted management API at [/db/manage/]
Apr 30, 2014 8:02:12 PM org.neo4j.server.logging.Logger log
INFO: Mounted webadmin at [/webadmin]
Apr 30, 2014 8:02:12 PM org.neo4j.server.logging.Logger log
INFO: Mounted Neo4j Browser at [/browser]
Apr 30, 2014 8:02:12 PM org.neo4j.server.logging.Logger log
INFO: Mounting static content at [/webadmin] from [webadmin-html]
Apr 30, 2014 8:02:12 PM org.neo4j.server.logging.Logger log
INFO: Mounting static content at [/browser] from [browser]
Apr 30, 2014 8:02:12 PM com.sun.jersey.server.impl.application.WebApplicationImpl _initiate
INFO: Initiating Jersey application, version 'Jersey: 1.9 09/02/2011 11:17 AM'
Apr 30, 2014 8:02:13 PM com.sun.jersey.server.impl.application.WebApplicationImpl _initiate
INFO: Initiating Jersey application, version 'Jersey: 1.9 09/02/2011 11:17 AM'
Apr 30, 2014 8:02:13 PM com.sun.jersey.server.impl.application.WebApplicationImpl _initiate
INFO: Initiating Jersey application, version 'Jersey: 1.9 09/02/2011 11:17 AM'
Apr 30, 2014 8:02:14 PM org.neo4j.server.logging.Logger log
INFO: Remote interface ready and available at [http://localhost:7474/]
Apr 30, 2014 8:08:58 PM org.neo4j.server.logging.Logger log
INFO: Available console sessions: SHELL: class org.neo4j.server.webadmin.console.ShellSessionCreator
CYPHER: class org.neo4j.server.webadmin.console.CypherSessionCreator

